Started GET "/" for ::1 at 2021-03-08 20:51:44 -0300
  [1m[35m (1.8ms)[0m  [1m[34mSELECT sqlite_version(*)[0m
  [1m[35m (0.3ms)[0m  [1m[34mSELECT "schema_migrations"."version" FROM "schema_migrations" ORDER BY "schema_migrations"."version" ASC[0m
Processing by HomeController#index as HTML
  Rendering layout layouts/application.html.erb
  Rendering home/index.html.erb within layouts/application
  Rendered home/index.html.erb within layouts/application (Duration: 717.5ms | Allocations: 110494)
[Webpacker] Compiling...
[Webpacker] Compiled all packs in /home/mayara/Área de Trabalho/workspace/turismo/public/packs
[Webpacker] Hash: ceb6b7b436659da96303
Version: webpack 4.46.0
Time: 6634ms
Built at: 08/03/2021 20:51:55
                                     Asset       Size       Chunks                         Chunk Names
    js/application-c34e6ffc43ee3fa5aeb8.js    663 KiB  application  [emitted] [immutable]  application
js/application-c34e6ffc43ee3fa5aeb8.js.map    775 KiB  application  [emitted] [dev]        application
                             manifest.json  364 bytes               [emitted]              
Entrypoint application = js/application-c34e6ffc43ee3fa5aeb8.js js/application-c34e6ffc43ee3fa5aeb8.js.map
[./app/javascript/packs/application.js] 932 bytes {application} [built]
[./node_modules/webpack/buildin/global.js] (webpack)/buildin/global.js 905 bytes {application} [built]
[./node_modules/webpack/buildin/module.js] (webpack)/buildin/module.js 552 bytes {application} [built]
    + 6 hidden modules

  Rendered layouts/_navbar_visitor.html.erb (Duration: 5.3ms | Allocations: 599)
  Rendered layout layouts/application.html.erb (Duration: 11016.2ms | Allocations: 134248)
Completed 200 OK in 11209ms (Views: 11114.7ms | ActiveRecord: 0.0ms | Allocations: 136527)


Started GET "/" for ::1 at 2021-03-08 20:51:58 -0300
Processing by HomeController#index as HTML
  Rendering layout layouts/application.html.erb
  Rendering home/index.html.erb within layouts/application
  Rendered home/index.html.erb within layouts/application (Duration: 13.3ms | Allocations: 5602)
[Webpacker] Everything's up-to-date. Nothing to do
  Rendered layouts/_navbar_visitor.html.erb (Duration: 0.6ms | Allocations: 242)
  Rendered layout layouts/application.html.erb (Duration: 39.6ms | Allocations: 12708)
Completed 200 OK in 41ms (Views: 40.5ms | ActiveRecord: 0.0ms | Allocations: 13012)


Started GET "/admin/home" for ::1 at 2021-03-08 20:52:01 -0300
Processing by Admin::HomeController#index as HTML
Completed 401 Unauthorized in 7ms (ActiveRecord: 0.0ms | Allocations: 1230)


Started GET "/users/sign_in" for ::1 at 2021-03-08 20:52:01 -0300
Processing by Devise::SessionsController#new as HTML
  Rendering layout layouts/application.html.erb
  Rendering /home/mayara/.rvm/gems/ruby-2.7.2/gems/devise-4.7.3/app/views/devise/sessions/new.html.erb within layouts/application
  Rendered /home/mayara/.rvm/gems/ruby-2.7.2/gems/devise-4.7.3/app/views/devise/shared/_links.html.erb (Duration: 1.3ms | Allocations: 605)
  Rendered /home/mayara/.rvm/gems/ruby-2.7.2/gems/devise-4.7.3/app/views/devise/sessions/new.html.erb within layouts/application (Duration: 14.9ms | Allocations: 5033)
[Webpacker] Everything's up-to-date. Nothing to do
  Rendered layouts/_navbar_visitor.html.erb (Duration: 0.5ms | Allocations: 220)
  Rendered layout layouts/application.html.erb (Duration: 23.4ms | Allocations: 12381)
Completed 200 OK in 36ms (Views: 25.8ms | ActiveRecord: 0.6ms | Allocations: 18439)


Started GET "/admin/home" for ::1 at 2021-03-08 21:01:50 -0300
  
SyntaxError (/home/mayara/Área de Trabalho/workspace/turismo/config/routes.rb:3: syntax error, unexpected end-of-input, expecting `end'):
  
config/routes.rb:3: syntax error, unexpected end-of-input, expecting `end'
config/routes.rb:3: syntax error, unexpected end-of-input, expecting `end'
config/routes.rb:3: syntax error, unexpected end-of-input, expecting `end'
Started GET "/" for ::1 at 2021-03-08 21:01:53 -0300
  
SyntaxError (/home/mayara/Área de Trabalho/workspace/turismo/config/routes.rb:3: syntax error, unexpected end-of-input, expecting `end'):
  
config/routes.rb:3: syntax error, unexpected end-of-input, expecting `end'
config/routes.rb:3: syntax error, unexpected end-of-input, expecting `end'
config/routes.rb:3: syntax error, unexpected end-of-input, expecting `end'
Started GET "/" for ::1 at 2021-03-08 21:02:05 -0300
  [1m[35m (0.7ms)[0m  [1m[34mSELECT sqlite_version(*)[0m
  [1m[35m (0.2ms)[0m  [1m[34mSELECT "schema_migrations"."version" FROM "schema_migrations" ORDER BY "schema_migrations"."version" ASC[0m
Processing by HomeController#index as HTML
  Rendering layout layouts/application.html.erb
  Rendering home/index.html.erb within layouts/application
  Rendered home/index.html.erb within layouts/application (Duration: 14.3ms | Allocations: 4408)
  Rendered layout layouts/application.html.erb (Duration: 14.7ms | Allocations: 4473)
Completed 500 Internal Server Error in 23ms (ActiveRecord: 0.0ms | Allocations: 5551)


  
ActionView::Template::Error (undefined local variable or method `stores_path' for #<ActionView::Base:0x00000000008ac0>
Did you mean?  asset_path):
    15: 
    16:                <div class="carousel-item ">
    17:                   <h1 class="text">Conheça as melhores lojas</h1>
    18:                   <%= link_to 'Ver lojas', stores_path, class:"btn btn-lg btn-preto btn-custom" %>
    19:                </div>
    20: 
    21:              </div> <!-- Fim Inner-->
  
app/views/home/index.html.erb:18
Started GET "/" for ::1 at 2021-03-08 21:02:30 -0300
Processing by HomeController#index as HTML
  Rendering layout layouts/application.html.erb
  Rendering home/index.html.erb within layouts/application
  Rendered home/index.html.erb within layouts/application (Duration: 0.4ms | Allocations: 102)
[Webpacker] Compiling...
[Webpacker] Compiled all packs in /home/mayara/Área de Trabalho/workspace/turismo/public/packs
[Webpacker] Hash: 3e7f240940360ce2c211
Version: webpack 4.46.0
Time: 1512ms
Built at: 08/03/2021 21:02:35
                                     Asset       Size       Chunks                         Chunk Names
    js/application-d0f3d89c33fa4865edf9.js    663 KiB  application  [emitted] [immutable]  application
js/application-d0f3d89c33fa4865edf9.js.map    775 KiB  application  [emitted] [dev]        application
                             manifest.json  364 bytes               [emitted]              
Entrypoint application = js/application-d0f3d89c33fa4865edf9.js js/application-d0f3d89c33fa4865edf9.js.map
[./app/javascript/packs/application.js] 493 bytes {application} [built]
[./node_modules/webpack/buildin/global.js] (webpack)/buildin/global.js 905 bytes {application} [built]
[./node_modules/webpack/buildin/module.js] (webpack)/buildin/module.js 552 bytes {application} [built]
    + 6 hidden modules

  Rendered layout layouts/application.html.erb (Duration: 4857.2ms | Allocations: 85542)
Completed 500 Internal Server Error in 4860ms (ActiveRecord: 0.0ms | Allocations: 86475)


  
ActionView::Template::Error (The asset "ee.png" is not present in the asset pipeline.
):
     7:     <%= csp_meta_tag %>
     8:     <%= stylesheet_link_tag 'application', media: 'all', 'data-turbolinks-track': 'reload' %>
     9:     <%= javascript_pack_tag 'application', 'data-turbolinks-track': 'reload' %>
    10:     <%= favicon_link_tag asset_path('ee.png') %>
    11:   </head>
    12: 
    13:   <body>
  
app/views/layouts/application.html.erb:10
Started GET "/" for ::1 at 2021-03-08 21:03:24 -0300
Processing by HomeController#index as HTML
  Rendering layout layouts/application.html.erb
  Rendering home/index.html.erb within layouts/application
  Rendered home/index.html.erb within layouts/application (Duration: 0.4ms | Allocations: 101)
[Webpacker] Everything's up-to-date. Nothing to do
  Rendered layout layouts/application.html.erb (Duration: 11.3ms | Allocations: 6576)
Completed 500 Internal Server Error in 16ms (ActiveRecord: 0.0ms | Allocations: 7516)


  
ActionView::Template::Error (wrong number of arguments (given 0, expected 1..2)):
     7:     <%= csp_meta_tag %>
     8:     <%= stylesheet_link_tag 'application', media: 'all', 'data-turbolinks-track': 'reload' %>
     9:     <%= javascript_pack_tag 'application', 'data-turbolinks-track': 'reload' %>
    10:     <%= favicon_link_tag asset_path() %>
    11:   </head>
    12: 
    13:   <body>
  
app/views/layouts/application.html.erb:10
Started GET "/" for ::1 at 2021-03-08 21:03:43 -0300
Processing by HomeController#index as HTML
  Rendering layout layouts/application.html.erb
  Rendering home/index.html.erb within layouts/application
  Rendered home/index.html.erb within layouts/application (Duration: 0.4ms | Allocations: 101)
[Webpacker] Everything's up-to-date. Nothing to do
  Rendered layout layouts/application.html.erb (Duration: 15.8ms | Allocations: 9695)
Completed 500 Internal Server Error in 18ms (ActiveRecord: 0.0ms | Allocations: 10628)


  
ActionView::Template::Error (The asset "logo-tray.png" is not present in the asset pipeline.
):
    14:     
    15:     <nav class="navbar navbar-expand-md navbar-light fixed-top navbar-transparente">
    16:       <div class="container">
    17:       <%= link_to image_tag( "logo-tray.png", style: 'width:130px;'), root_path, class: "navbar-brand"  %>
    18:   
    19:       <% if request.path.include?('owner') && user_signed_in? && !current_user.admin?%> 
    20:         <%= render partial: 'layouts/navbar_owner' %>
  
app/views/layouts/application.html.erb:17
Started GET "/" for ::1 at 2021-03-08 21:04:07 -0300
Processing by HomeController#index as HTML
  Rendering layout layouts/application.html.erb
  Rendering home/index.html.erb within layouts/application
  Rendered home/index.html.erb within layouts/application (Duration: 0.4ms | Allocations: 101)
[Webpacker] Everything's up-to-date. Nothing to do
  Rendered layout layouts/application.html.erb (Duration: 12.1ms | Allocations: 5354)
Completed 200 OK in 15ms (Views: 13.9ms | ActiveRecord: 0.0ms | Allocations: 6324)


Started GET "/" for ::1 at 2021-03-08 21:04:39 -0300
Processing by HomeController#index as HTML
  Rendering layout layouts/application.html.erb
  Rendering home/index.html.erb within layouts/application
  Rendered home/index.html.erb within layouts/application (Duration: 0.4ms | Allocations: 101)
[Webpacker] Everything's up-to-date. Nothing to do
  Rendered layout layouts/application.html.erb (Duration: 14.9ms | Allocations: 5399)
Completed 200 OK in 20ms (Views: 18.4ms | ActiveRecord: 0.0ms | Allocations: 6356)


Started GET "/" for ::1 at 2021-03-08 21:04:47 -0300
Processing by HomeController#index as HTML
  Rendering layout layouts/application.html.erb
  Rendering home/index.html.erb within layouts/application
  Rendered home/index.html.erb within layouts/application (Duration: 0.4ms | Allocations: 105)
[Webpacker] Everything's up-to-date. Nothing to do
  Rendered layout layouts/application.html.erb (Duration: 8.5ms | Allocations: 5400)
Completed 200 OK in 11ms (Views: 10.0ms | ActiveRecord: 0.0ms | Allocations: 6367)


Started GET "/" for ::1 at 2021-03-08 21:05:11 -0300
Processing by HomeController#index as HTML
  Rendering layout layouts/application.html.erb
  Rendering home/index.html.erb within layouts/application
  Rendered home/index.html.erb within layouts/application (Duration: 0.4ms | Allocations: 103)
[Webpacker] Everything's up-to-date. Nothing to do
  Rendered layout layouts/application.html.erb (Duration: 10.9ms | Allocations: 5397)
Completed 200 OK in 14ms (Views: 12.4ms | ActiveRecord: 0.0ms | Allocations: 6353)


Started GET "/" for ::1 at 2021-03-08 21:05:17 -0300
Processing by HomeController#index as HTML
  Rendering layout layouts/application.html.erb
  Rendering home/index.html.erb within layouts/application
  Rendered home/index.html.erb within layouts/application (Duration: 0.1ms | Allocations: 37)
[Webpacker] Everything's up-to-date. Nothing to do
  Rendered layout layouts/application.html.erb (Duration: 7.3ms | Allocations: 5116)
Completed 200 OK in 8ms (Views: 7.8ms | ActiveRecord: 0.0ms | Allocations: 5470)


Started GET "/" for ::1 at 2021-03-08 21:05:43 -0300
  [1m[35m (0.6ms)[0m  [1m[34mSELECT sqlite_version(*)[0m
  [1m[35m (0.3ms)[0m  [1m[34mSELECT "schema_migrations"."version" FROM "schema_migrations" ORDER BY "schema_migrations"."version" ASC[0m
Processing by HomeController#index as HTML
  Rendering layout layouts/application.html.erb
  Rendering home/index.html.erb within layouts/application
  Rendered home/index.html.erb within layouts/application (Duration: 0.9ms | Allocations: 217)
[Webpacker] Everything's up-to-date. Nothing to do
  Rendered layout layouts/application.html.erb (Duration: 23.8ms | Allocations: 10156)
Completed 200 OK in 35ms (Views: 26.5ms | ActiveRecord: 0.0ms | Allocations: 11872)


Started GET "/" for ::1 at 2021-03-08 21:16:14 -0300
Processing by HomeController#index as HTML
  Rendering layout layouts/application.html.erb
  Rendering home/index.html.erb within layouts/application
  Rendered home/index.html.erb within layouts/application (Duration: 16.3ms | Allocations: 6320)
  Rendered layout layouts/application.html.erb (Duration: 16.7ms | Allocations: 6385)
Completed 500 Internal Server Error in 20ms (Allocations: 7324)


  
ActionView::Template::Error (The asset "ilha.png" is not present in the asset pipeline.
):
    1: <%= image_tag "ilha.png" %>
  
app/views/home/index.html.erb:1
Started GET "/" for ::1 at 2021-03-08 21:16:33 -0300
Processing by HomeController#index as HTML
  Rendering layout layouts/application.html.erb
  Rendering home/index.html.erb within layouts/application
  Rendered home/index.html.erb within layouts/application (Duration: 155.9ms | Allocations: 65435)
[Webpacker] Everything's up-to-date. Nothing to do
  Rendered layout layouts/application.html.erb (Duration: 223.6ms | Allocations: 85151)
Completed 200 OK in 228ms (Views: 226.5ms | Allocations: 86207)


Started GET "/" for ::1 at 2021-03-08 21:16:53 -0300
Processing by HomeController#index as HTML
  Rendering layout layouts/application.html.erb
  Rendering home/index.html.erb within layouts/application
  Rendered home/index.html.erb within layouts/application (Duration: 2.4ms | Allocations: 854)
[Webpacker] Everything's up-to-date. Nothing to do
  Rendered layout layouts/application.html.erb (Duration: 10.9ms | Allocations: 6098)
Completed 200 OK in 13ms (Views: 12.3ms | Allocations: 7059)


Started GET "/" for ::1 at 2021-03-08 21:17:49 -0300
Processing by HomeController#index as HTML
  Rendering layout layouts/application.html.erb
  Rendering home/index.html.erb within layouts/application
  Rendered home/index.html.erb within layouts/application (Duration: 1.8ms | Allocations: 847)
[Webpacker] Everything's up-to-date. Nothing to do
  Rendered layout layouts/application.html.erb (Duration: 202.5ms | Allocations: 77054)
Completed 200 OK in 205ms (Views: 204.1ms | Allocations: 78011)


Started GET "/" for ::1 at 2021-03-08 21:18:12 -0300
Processing by HomeController#index as HTML
  Rendering layout layouts/application.html.erb
  Rendering home/index.html.erb within layouts/application
  Rendered home/index.html.erb within layouts/application (Duration: 1.8ms | Allocations: 775)
[Webpacker] Everything's up-to-date. Nothing to do
  Rendered layout layouts/application.html.erb (Duration: 119.1ms | Allocations: 34208)
Completed 200 OK in 120ms (Views: 119.7ms | Allocations: 34566)


Started GET "/" for ::1 at 2021-03-08 21:18:37 -0300
Processing by HomeController#index as HTML
  Rendering layout layouts/application.html.erb
  Rendering home/index.html.erb within layouts/application
  Rendered home/index.html.erb within layouts/application (Duration: 2.2ms | Allocations: 852)
[Webpacker] Everything's up-to-date. Nothing to do
  Rendered layout layouts/application.html.erb (Duration: 11.5ms | Allocations: 6145)
Completed 200 OK in 15ms (Views: 13.4ms | Allocations: 7107)


Started GET "/" for ::1 at 2021-03-08 21:19:50 -0300
Processing by HomeController#index as HTML
  Rendering layout layouts/application.html.erb
  Rendering home/index.html.erb within layouts/application
  Rendered home/index.html.erb within layouts/application (Duration: 1.6ms | Allocations: 776)
[Webpacker] Everything's up-to-date. Nothing to do
  Rendered layout layouts/application.html.erb (Duration: 105.2ms | Allocations: 24485)
Completed 200 OK in 109ms (Views: 108.0ms | Allocations: 24838)


Started GET "/" for ::1 at 2021-03-08 21:22:35 -0300
Processing by HomeController#index as HTML
  Rendering layout layouts/application.html.erb
  Rendering home/index.html.erb within layouts/application
  Rendered home/index.html.erb within layouts/application (Duration: 1.5ms | Allocations: 775)
[Webpacker] Everything's up-to-date. Nothing to do
  Rendered layout layouts/application.html.erb (Duration: 88.8ms | Allocations: 24855)
Completed 200 OK in 90ms (Views: 89.5ms | Allocations: 25207)


Started GET "/" for ::1 at 2021-03-08 21:26:13 -0300
Processing by HomeController#index as HTML
  Rendering layout layouts/application.html.erb
  Rendering home/index.html.erb within layouts/application
  Rendered home/index.html.erb within layouts/application (Duration: 3.0ms | Allocations: 935)
[Webpacker] Compiling...
[Webpacker] Compiled all packs in /home/mayara/Área de Trabalho/workspace/turismo/public/packs
[Webpacker] Hash: ae0fa9e8c0b161316a8c
Version: webpack 4.46.0
Time: 1573ms
Built at: 08/03/2021 21:26:18
                                     Asset       Size       Chunks                         Chunk Names
    js/application-81bf1e6c21f8d10c5549.js    663 KiB  application  [emitted] [immutable]  application
js/application-81bf1e6c21f8d10c5549.js.map    775 KiB  application  [emitted] [dev]        application
                             manifest.json  364 bytes               [emitted]              
Entrypoint application = js/application-81bf1e6c21f8d10c5549.js js/application-81bf1e6c21f8d10c5549.js.map
[./app/javascript/packs/application.js] 674 bytes {application} [built]
[./node_modules/webpack/buildin/global.js] (webpack)/buildin/global.js 905 bytes {application} [built]
[./node_modules/webpack/buildin/module.js] (webpack)/buildin/module.js 552 bytes {application} [built]
    + 6 hidden modules

  Rendered layout layouts/application.html.erb (Duration: 4799.2ms | Allocations: 31455)
Completed 200 OK in 4802ms (Views: 4801.0ms | Allocations: 32423)


Started GET "/js/scripts.js" for ::1 at 2021-03-08 21:26:18 -0300
  
ActionController::RoutingError (No route matches [GET] "/js/scripts.js"):
  
Started GET "/" for ::1 at 2021-03-08 21:26:39 -0300
Processing by HomeController#index as HTML
  Rendering layout layouts/application.html.erb
  Rendering home/index.html.erb within layouts/application
  Rendered home/index.html.erb within layouts/application (Duration: 0.6ms | Allocations: 169)
[Webpacker] Everything's up-to-date. Nothing to do
  Rendered layout layouts/application.html.erb (Duration: 11.7ms | Allocations: 5546)
Completed 200 OK in 15ms (Views: 13.3ms | Allocations: 6507)


Started GET "/js/scripts.js" for ::1 at 2021-03-08 21:26:39 -0300
  
ActionController::RoutingError (No route matches [GET] "/js/scripts.js"):
  
Started GET "/" for ::1 at 2021-03-08 21:27:19 -0300
Processing by HomeController#index as HTML
  Rendering layout layouts/application.html.erb
  Rendering home/index.html.erb within layouts/application
  Rendered home/index.html.erb within layouts/application (Duration: 0.1ms | Allocations: 37)
[Webpacker] Everything's up-to-date. Nothing to do
  Rendered layout layouts/application.html.erb (Duration: 6.2ms | Allocations: 5222)
Completed 200 OK in 7ms (Views: 6.8ms | Allocations: 5577)


Started GET "/js/scripts.js" for ::1 at 2021-03-08 21:27:19 -0300
  
ActionController::RoutingError (No route matches [GET] "/js/scripts.js"):
  
Started GET "/" for ::1 at 2021-03-08 21:28:41 -0300
Processing by HomeController#index as HTML
  Rendering layout layouts/application.html.erb
  Rendering home/index.html.erb within layouts/application
  Rendered home/index.html.erb within layouts/application (Duration: 0.1ms | Allocations: 37)
[Webpacker] Everything's up-to-date. Nothing to do
  Rendered layout layouts/application.html.erb (Duration: 7.9ms | Allocations: 5221)
Completed 200 OK in 9ms (Views: 8.4ms | Allocations: 5574)


Started GET "/js/scripts.js" for ::1 at 2021-03-08 21:28:41 -0300
  
ActionController::RoutingError (No route matches [GET] "/js/scripts.js"):
  
Started GET "/" for ::1 at 2021-03-08 21:29:03 -0300
Processing by HomeController#index as HTML
  Rendering layout layouts/application.html.erb
  Rendering home/index.html.erb within layouts/application
  Rendered home/index.html.erb within layouts/application (Duration: 0.1ms | Allocations: 37)
[Webpacker] Compiling...
[Webpacker] Compiled all packs in /home/mayara/Área de Trabalho/workspace/turismo/public/packs
[Webpacker] Hash: 3e7f240940360ce2c211
Version: webpack 4.46.0
Time: 1415ms
Built at: 08/03/2021 21:29:07
                                     Asset       Size       Chunks                         Chunk Names
    js/application-d0f3d89c33fa4865edf9.js    663 KiB  application  [emitted] [immutable]  application
js/application-d0f3d89c33fa4865edf9.js.map    775 KiB  application  [emitted] [dev]        application
                             manifest.json  364 bytes               [emitted]              
Entrypoint application = js/application-d0f3d89c33fa4865edf9.js js/application-d0f3d89c33fa4865edf9.js.map
[./app/javascript/packs/application.js] 493 bytes {application} [built]
[./node_modules/webpack/buildin/global.js] (webpack)/buildin/global.js 905 bytes {application} [built]
[./node_modules/webpack/buildin/module.js] (webpack)/buildin/module.js 552 bytes {application} [built]
    + 6 hidden modules

  Rendered layout layouts/application.html.erb (Duration: 4344.5ms | Allocations: 6446)
Completed 200 OK in 4346ms (Views: 4345.2ms | Allocations: 6798)


Started GET "/js/scripts.js" for ::1 at 2021-03-08 21:29:07 -0300
  
ActionController::RoutingError (No route matches [GET] "/js/scripts.js"):
  
Started GET "/js/scripts.js" for ::1 at 2021-03-08 21:29:08 -0300
  
ActionController::RoutingError (No route matches [GET] "/js/scripts.js"):
  
Started GET "/" for ::1 at 2021-03-08 21:29:53 -0300
Processing by HomeController#index as HTML
  Rendering layout layouts/application.html.erb
  Rendering home/index.html.erb within layouts/application
  Rendered home/index.html.erb within layouts/application (Duration: 0.5ms | Allocations: 193)
[Webpacker] Everything's up-to-date. Nothing to do
  Rendered layout layouts/application.html.erb (Duration: 9.9ms | Allocations: 5593)
Completed 200 OK in 13ms (Views: 11.5ms | Allocations: 6554)


Started GET "/js/scripts.js" for ::1 at 2021-03-08 21:29:53 -0300
  
ActionController::RoutingError (No route matches [GET] "/js/scripts.js"):
  
Started GET "/js/scripts.js" for ::1 at 2021-03-08 21:29:53 -0300
  
ActionController::RoutingError (No route matches [GET] "/js/scripts.js"):
  
Started GET "/admin/home" for ::1 at 2021-03-08 21:30:20 -0300
  
ActionController::RoutingError (No route matches [GET] "/admin/home"):
  
Started GET "/" for ::1 at 2021-03-08 21:30:20 -0300
Processing by HomeController#index as HTML
  Rendering layout layouts/application.html.erb
  Rendering home/index.html.erb within layouts/application
  Rendered home/index.html.erb within layouts/application (Duration: 1.5ms | Allocations: 857)
[Webpacker] Everything's up-to-date. Nothing to do
  Rendered layout layouts/application.html.erb (Duration: 12.4ms | Allocations: 6210)
Completed 200 OK in 15ms (Views: 14.0ms | Allocations: 7170)


Started GET "/" for ::1 at 2021-03-08 21:36:00 -0300
Processing by HomeController#index as HTML
  Rendering layout layouts/application.html.erb
  Rendering home/index.html.erb within layouts/application
  Rendered home/index.html.erb within layouts/application (Duration: 0.6ms | Allocations: 168)
[Webpacker] Everything's up-to-date. Nothing to do
  Rendered layout layouts/application.html.erb (Duration: 11.6ms | Allocations: 5585)
Completed 200 OK in 14ms (Views: 13.0ms | Allocations: 6542)


Started GET "/js/scripts.js" for ::1 at 2021-03-08 21:36:00 -0300
  
ActionController::RoutingError (No route matches [GET] "/js/scripts.js"):
  
Started GET "/" for ::1 at 2021-03-08 21:39:49 -0300
Processing by HomeController#index as HTML
  Rendering layout layouts/application.html.erb
  Rendering home/index.html.erb within layouts/application
  Rendered home/index.html.erb within layouts/application (Duration: 0.1ms | Allocations: 37)
[Webpacker] Compiling...
[Webpacker] Compilation failed:
Hash: b10ba3b0307a73402a9f
Version: webpack 4.46.0
Time: 1517ms
Built at: 08/03/2021 21:39:53
                                     Asset       Size       Chunks                         Chunk Names
    js/application-ded1c5ae6e6d7452afac.js    663 KiB  application  [emitted] [immutable]  application
js/application-ded1c5ae6e6d7452afac.js.map    775 KiB  application  [emitted] [dev]        application
                             manifest.json  364 bytes               [emitted]              
Entrypoint application = js/application-ded1c5ae6e6d7452afac.js js/application-ded1c5ae6e6d7452afac.js.map
[./app/javascript/packs/application.js] 622 bytes {application} [built]
[./node_modules/webpack/buildin/global.js] (webpack)/buildin/global.js 905 bytes {application} [built]
[./node_modules/webpack/buildin/module.js] (webpack)/buildin/module.js 552 bytes {application} [built]
    + 6 hidden modules

ERROR in ./app/javascript/packs/application.js
Module not found: Error: Can't resolve 'channels' in '/home/mayara/Área de Trabalho/workspace/turismo/app/javascript/packs'
 @ ./app/javascript/packs/application.js 16:0-19

  Rendered layout layouts/application.html.erb (Duration: 4462.0ms | Allocations: 6367)
Completed 200 OK in 4464ms (Views: 4463.1ms | Allocations: 6721)


Started GET "/js/scripts.js" for ::1 at 2021-03-08 21:39:53 -0300
  
ActionController::RoutingError (No route matches [GET] "/js/scripts.js"):
  
Started GET "/" for ::1 at 2021-03-08 21:40:54 -0300
Processing by HomeController#index as HTML
  Rendering layout layouts/application.html.erb
  Rendering home/index.html.erb within layouts/application
  Rendered home/index.html.erb within layouts/application (Duration: 0.1ms | Allocations: 37)
[Webpacker] Compiling...
[Webpacker] Compiled all packs in /home/mayara/Área de Trabalho/workspace/turismo/public/packs
[Webpacker] Hash: 25a1988afdb8bd3f8c1e
Version: webpack 4.46.0
Time: 1499ms
Built at: 08/03/2021 21:40:59
                                     Asset       Size       Chunks                         Chunk Names
    js/application-afd62327bfb22664fee3.js    663 KiB  application  [emitted] [immutable]  application
js/application-afd62327bfb22664fee3.js.map    775 KiB  application  [emitted] [dev]        application
                             manifest.json  364 bytes               [emitted]              
Entrypoint application = js/application-afd62327bfb22664fee3.js js/application-afd62327bfb22664fee3.js.map
[./app/javascript/packs/application.js] 515 bytes {application} [built]
[./node_modules/webpack/buildin/global.js] (webpack)/buildin/global.js 905 bytes {application} [built]
[./node_modules/webpack/buildin/module.js] (webpack)/buildin/module.js 552 bytes {application} [built]
    + 6 hidden modules

  Rendered layout layouts/application.html.erb (Duration: 4428.0ms | Allocations: 6449)
Completed 200 OK in 4429ms (Views: 4428.6ms | Allocations: 6801)


Started GET "/js/scripts.js" for ::1 at 2021-03-08 21:40:59 -0300
  
ActionController::RoutingError (No route matches [GET] "/js/scripts.js"):
  
Started GET "/js/scripts.js" for ::1 at 2021-03-08 21:40:59 -0300
  
ActionController::RoutingError (No route matches [GET] "/js/scripts.js"):
  
Started GET "/" for ::1 at 2021-03-08 21:41:04 -0300
Processing by HomeController#index as HTML
  Rendering layout layouts/application.html.erb
  Rendering home/index.html.erb within layouts/application
  Rendered home/index.html.erb within layouts/application (Duration: 0.1ms | Allocations: 37)
[Webpacker] Everything's up-to-date. Nothing to do
  Rendered layout layouts/application.html.erb (Duration: 10.8ms | Allocations: 5221)
Completed 200 OK in 12ms (Views: 11.7ms | Allocations: 5573)


Started GET "/js/scripts.js" for ::1 at 2021-03-08 21:41:04 -0300
  
ActionController::RoutingError (No route matches [GET] "/js/scripts.js"):
  
Started GET "/" for ::1 at 2021-03-08 21:41:10 -0300
Processing by HomeController#index as HTML
  Rendering layout layouts/application.html.erb
  Rendering home/index.html.erb within layouts/application
  Rendered home/index.html.erb within layouts/application (Duration: 0.2ms | Allocations: 37)
[Webpacker] Compiling...
[Webpacker] Compiled all packs in /home/mayara/Área de Trabalho/workspace/turismo/public/packs
[Webpacker] Hash: b6b7b43b00e70ea679d7
Version: webpack 4.46.0
Time: 1517ms
Built at: 08/03/2021 21:41:15
                                     Asset       Size       Chunks                         Chunk Names
    js/application-f492aef402d9f059226c.js    663 KiB  application  [emitted] [immutable]  application
js/application-f492aef402d9f059226c.js.map    775 KiB  application  [emitted] [dev]        application
                             manifest.json  364 bytes               [emitted]              
Entrypoint application = js/application-f492aef402d9f059226c.js js/application-f492aef402d9f059226c.js.map
[./app/javascript/packs/application.js] 526 bytes {application} [built]
[./node_modules/webpack/buildin/global.js] (webpack)/buildin/global.js 905 bytes {application} [built]
[./node_modules/webpack/buildin/module.js] (webpack)/buildin/module.js 552 bytes {application} [built]
    + 6 hidden modules

  Rendered layout layouts/application.html.erb (Duration: 4458.4ms | Allocations: 6449)
Completed 200 OK in 4460ms (Views: 4459.2ms | Allocations: 6801)


Started GET "/js/scripts.js" for ::1 at 2021-03-08 21:41:15 -0300
  
ActionController::RoutingError (No route matches [GET] "/js/scripts.js"):
  
Started GET "/js/scripts.js" for ::1 at 2021-03-08 21:41:15 -0300
  
ActionController::RoutingError (No route matches [GET] "/js/scripts.js"):
  
Started GET "/" for ::1 at 2021-03-08 21:42:34 -0300
Processing by HomeController#index as HTML
  Rendering layout layouts/application.html.erb
  Rendering home/index.html.erb within layouts/application
  Rendered home/index.html.erb within layouts/application (Duration: 0.8ms | Allocations: 167)
[Webpacker] Compiling...
[Webpacker] Compiled all packs in /home/mayara/Área de Trabalho/workspace/turismo/public/packs
[Webpacker] Hash: 3e7f240940360ce2c211
Version: webpack 4.46.0
Time: 1397ms
Built at: 08/03/2021 21:42:38
                                     Asset       Size       Chunks                         Chunk Names
    js/application-d0f3d89c33fa4865edf9.js    663 KiB  application  [emitted] [immutable]  application
js/application-d0f3d89c33fa4865edf9.js.map    775 KiB  application  [emitted] [dev]        application
                             manifest.json  364 bytes               [emitted]              
Entrypoint application = js/application-d0f3d89c33fa4865edf9.js js/application-d0f3d89c33fa4865edf9.js.map
[./app/javascript/packs/application.js] 493 bytes {application} [built]
[./node_modules/webpack/buildin/global.js] (webpack)/buildin/global.js 905 bytes {application} [built]
[./node_modules/webpack/buildin/module.js] (webpack)/buildin/module.js 552 bytes {application} [built]
    + 6 hidden modules

  Rendered layout layouts/application.html.erb (Duration: 4326.2ms | Allocations: 6794)
Completed 200 OK in 4331ms (Views: 4328.7ms | Allocations: 7755)


Started GET "/" for ::1 at 2021-03-08 21:43:31 -0300
Processing by HomeController#index as HTML
  Rendering layout layouts/application.html.erb
  Rendering home/index.html.erb within layouts/application
  Rendered home/index.html.erb within layouts/application (Duration: 0.5ms | Allocations: 180)
[Webpacker] Everything's up-to-date. Nothing to do
  Rendered layout layouts/application.html.erb (Duration: 8.4ms | Allocations: 5558)
Completed 200 OK in 11ms (Views: 10.0ms | Allocations: 6515)


Started GET "/" for ::1 at 2021-03-08 21:44:16 -0300
Processing by HomeController#index as HTML
  Rendering layout layouts/application.html.erb
  Rendering home/index.html.erb within layouts/application
  Rendered home/index.html.erb within layouts/application (Duration: 0.1ms | Allocations: 37)
[Webpacker] Compiling...
[Webpacker] Compiled all packs in /home/mayara/Área de Trabalho/workspace/turismo/public/packs
[Webpacker] Hash: f0e3512977cda430b06e
Version: webpack 4.46.0
Time: 1583ms
Built at: 08/03/2021 21:44:21
                                     Asset       Size       Chunks                         Chunk Names
    js/application-dd2db778714bda4175e1.js    663 KiB  application  [emitted] [immutable]  application
js/application-dd2db778714bda4175e1.js.map    775 KiB  application  [emitted] [dev]        application
                             manifest.json  364 bytes               [emitted]              
Entrypoint application = js/application-dd2db778714bda4175e1.js js/application-dd2db778714bda4175e1.js.map
[./app/javascript/packs/application.js] 779 bytes {application} [built]
[./node_modules/webpack/buildin/global.js] (webpack)/buildin/global.js 905 bytes {application} [built]
[./node_modules/webpack/buildin/module.js] (webpack)/buildin/module.js 552 bytes {application} [built]
    + 6 hidden modules

  Rendered layout layouts/application.html.erb (Duration: 4619.8ms | Allocations: 6433)
Completed 200 OK in 4621ms (Views: 4620.5ms | Allocations: 6787)


Started GET "/" for ::1 at 2021-03-08 21:44:42 -0300
Processing by HomeController#index as HTML
  Rendering layout layouts/application.html.erb
  Rendering home/index.html.erb within layouts/application
  Rendered home/index.html.erb within layouts/application (Duration: 0.5ms | Allocations: 153)
[Webpacker] Compiling...
[Webpacker] Compiled all packs in /home/mayara/Área de Trabalho/workspace/turismo/public/packs
[Webpacker] Hash: d3d67c5f9d1a3e8fc92c
Version: webpack 4.46.0
Time: 1567ms
Built at: 08/03/2021 21:44:46
                                     Asset       Size       Chunks                         Chunk Names
    js/application-03d8b3d16b42ff1359fa.js    663 KiB  application  [emitted] [immutable]  application
js/application-03d8b3d16b42ff1359fa.js.map    776 KiB  application  [emitted] [dev]        application
                             manifest.json  364 bytes               [emitted]              
Entrypoint application = js/application-03d8b3d16b42ff1359fa.js js/application-03d8b3d16b42ff1359fa.js.map
[./app/javascript/packs/application.js] 959 bytes {application} [built]
[./node_modules/webpack/buildin/global.js] (webpack)/buildin/global.js 905 bytes {application} [built]
[./node_modules/webpack/buildin/module.js] (webpack)/buildin/module.js 552 bytes {application} [built]
    + 6 hidden modules

  Rendered layout layouts/application.html.erb (Duration: 4567.4ms | Allocations: 6765)
Completed 200 OK in 4571ms (Views: 4569.6ms | Allocations: 7725)


Started GET "/" for ::1 at 2021-03-08 21:45:10 -0300
Processing by HomeController#index as HTML
  Rendering layout layouts/application.html.erb
  Rendering home/index.html.erb within layouts/application
  Rendered home/index.html.erb within layouts/application (Duration: 0.6ms | Allocations: 150)
[Webpacker] Everything's up-to-date. Nothing to do
  Rendered layout layouts/application.html.erb (Duration: 9.8ms | Allocations: 5517)
Completed 200 OK in 13ms (Views: 11.9ms | Allocations: 6474)


Started GET "/" for ::1 at 2021-03-08 21:46:05 -0300
Processing by HomeController#index as HTML
  Rendering layout layouts/application.html.erb
  Rendering home/index.html.erb within layouts/application
[Webpacker] Everything's up-to-date. Nothing to do
  Rendered home/index.html.erb within layouts/application (Duration: 5.4ms | Allocations: 1801)
[Webpacker] Everything's up-to-date. Nothing to do
  Rendered layout layouts/application.html.erb (Duration: 12.8ms | Allocations: 7081)
Completed 200 OK in 16ms (Views: 14.5ms | Allocations: 8041)


Started GET "/" for ::1 at 2021-03-08 21:50:18 -0300
Processing by HomeController#index as HTML
  Rendering layout layouts/application.html.erb
  Rendering home/index.html.erb within layouts/application
[Webpacker] Compiling...
[Webpacker] Compilation failed:
Hash: 47edcfce6c4cdfbd7d29
Version: webpack 4.46.0
Time: 1582ms
Built at: 08/03/2021 21:50:22
                                     Asset       Size       Chunks                         Chunk Names
    js/application-67e21b06e1b8bc1dd5b7.js    663 KiB  application  [emitted] [immutable]  application
js/application-67e21b06e1b8bc1dd5b7.js.map    776 KiB  application  [emitted] [dev]        application
                             manifest.json  364 bytes               [emitted]              
Entrypoint application = js/application-67e21b06e1b8bc1dd5b7.js js/application-67e21b06e1b8bc1dd5b7.js.map
[./app/javascript/packs/application.js] 982 bytes {application} [built]
[./node_modules/webpack/buildin/global.js] (webpack)/buildin/global.js 905 bytes {application} [built]
[./node_modules/webpack/buildin/module.js] (webpack)/buildin/module.js 552 bytes {application} [built]
    + 6 hidden modules

ERROR in ./app/javascript/packs/application.js
Module not found: Error: Can't resolve 'channels' in '/home/mayara/Área de Trabalho/workspace/turismo/app/javascript/packs'
 @ ./app/javascript/packs/application.js 10:0-19

  Rendered home/index.html.erb within layouts/application (Duration: 4617.1ms | Allocations: 2826)
[Webpacker] Everything's up-to-date. Nothing to do
  Rendered layout layouts/application.html.erb (Duration: 4624.0ms | Allocations: 7878)
Completed 200 OK in 4625ms (Views: 4624.6ms | Allocations: 8232)


Started GET "/" for ::1 at 2021-03-08 21:50:43 -0300
Processing by HomeController#index as HTML
  Rendering layout layouts/application.html.erb
  Rendering home/index.html.erb within layouts/application
[Webpacker] Compiling...
[Webpacker] Compilation failed:
Hash: 8f558164aee0d0eb85fd
Version: webpack 4.46.0
Time: 1611ms
Built at: 08/03/2021 21:50:47
                                     Asset       Size       Chunks                         Chunk Names
    js/application-2ba383372d1ab36a7524.js    663 KiB  application  [emitted] [immutable]  application
js/application-2ba383372d1ab36a7524.js.map    776 KiB  application  [emitted] [dev]        application
                             manifest.json  364 bytes               [emitted]              
Entrypoint application = js/application-2ba383372d1ab36a7524.js js/application-2ba383372d1ab36a7524.js.map
[./app/javascript/packs/application.js] 1010 bytes {application} [built]
[./node_modules/webpack/buildin/global.js] (webpack)/buildin/global.js 905 bytes {application} [built]
[./node_modules/webpack/buildin/module.js] (webpack)/buildin/module.js 552 bytes {application} [built]
    + 6 hidden modules

ERROR in ./app/javascript/packs/application.js
Module not found: Error: Can't resolve 'channels' in '/home/mayara/Área de Trabalho/workspace/turismo/app/javascript/packs'
 @ ./app/javascript/packs/application.js 10:0-19

  Rendered home/index.html.erb within layouts/application (Duration: 4617.1ms | Allocations: 2902)
[Webpacker] Everything's up-to-date. Nothing to do
  Rendered layout layouts/application.html.erb (Duration: 4626.0ms | Allocations: 7977)
Completed 200 OK in 4630ms (Views: 4626.7ms | Allocations: 8330)


Started GET "/" for ::1 at 2021-03-08 21:51:36 -0300
Processing by HomeController#index as HTML
  Rendering layout layouts/application.html.erb
  Rendering home/index.html.erb within layouts/application
[Webpacker] Everything's up-to-date. Nothing to do
  Rendered home/index.html.erb within layouts/application (Duration: 4.2ms | Allocations: 1805)
[Webpacker] Everything's up-to-date. Nothing to do
  Rendered layout layouts/application.html.erb (Duration: 12.7ms | Allocations: 7066)
Completed 200 OK in 16ms (Views: 15.0ms | Allocations: 8026)


Started GET "/" for ::1 at 2021-03-08 21:52:37 -0300
Processing by HomeController#index as HTML
  Rendering layout layouts/application.html.erb
  Rendering home/index.html.erb within layouts/application
  Rendered home/index.html.erb within layouts/application (Duration: 0.4ms | Allocations: 149)
[Webpacker] Everything's up-to-date. Nothing to do
  Rendered layout layouts/application.html.erb (Duration: 9.1ms | Allocations: 5519)
Completed 200 OK in 12ms (Views: 10.6ms | Allocations: 6476)


Started GET "/" for ::1 at 2021-03-08 21:52:56 -0300
Processing by HomeController#index as HTML
  Rendering layout layouts/application.html.erb
  Rendering home/index.html.erb within layouts/application
  Rendered home/index.html.erb within layouts/application (Duration: 0.6ms | Allocations: 151)
[Webpacker] Everything's up-to-date. Nothing to do
  Rendered layout layouts/application.html.erb (Duration: 11.1ms | Allocations: 5544)
Completed 200 OK in 14ms (Views: 13.0ms | Allocations: 6504)


Started GET "/" for ::1 at 2021-03-08 21:54:43 -0300
Processing by HomeController#index as HTML
  Rendering layout layouts/application.html.erb
  Rendering home/index.html.erb within layouts/application
  Rendered home/index.html.erb within layouts/application (Duration: 0.6ms | Allocations: 167)
[Webpacker] Compiling...
[Webpacker] Compiled all packs in /home/mayara/Área de Trabalho/workspace/turismo/public/packs
[Webpacker] Hash: b83c2e0fe5eebca879c9
Version: webpack 4.46.0
Time: 1558ms
Built at: 08/03/2021 21:54:47
                                     Asset       Size       Chunks                         Chunk Names
    js/application-96db15b00cf22e785bc8.js    663 KiB  application  [emitted] [immutable]  application
js/application-96db15b00cf22e785bc8.js.map    775 KiB  application  [emitted] [dev]        application
                             manifest.json  364 bytes               [emitted]              
Entrypoint application = js/application-96db15b00cf22e785bc8.js js/application-96db15b00cf22e785bc8.js.map
[./app/javascript/packs/application.js] 827 bytes {application} [built]
[./node_modules/webpack/buildin/global.js] (webpack)/buildin/global.js 905 bytes {application} [built]
[./node_modules/webpack/buildin/module.js] (webpack)/buildin/module.js 552 bytes {application} [built]
    + 6 hidden modules

  Rendered layout layouts/application.html.erb (Duration: 4551.3ms | Allocations: 6809)
Completed 200 OK in 4555ms (Views: 4553.1ms | Allocations: 7766)


Started GET "/js/scripts.js" for ::1 at 2021-03-08 21:54:47 -0300
  
ActionController::RoutingError (No route matches [GET] "/js/scripts.js"):
  
Started GET "/" for ::1 at 2021-03-08 21:55:13 -0300
Processing by HomeController#index as HTML
  Rendering layout layouts/application.html.erb
  Rendering home/index.html.erb within layouts/application
  Rendered home/index.html.erb within layouts/application (Duration: 0.6ms | Allocations: 151)
[Webpacker] Compiling...
[Webpacker] Compiled all packs in /home/mayara/Área de Trabalho/workspace/turismo/public/packs
[Webpacker] Hash: ca6a86bfe630e6700b98
Version: webpack 4.46.0
Time: 1744ms
Built at: 08/03/2021 21:55:18
                                     Asset       Size       Chunks                         Chunk Names
    js/application-489c1851e257f6de014d.js    663 KiB  application  [emitted] [immutable]  application
js/application-489c1851e257f6de014d.js.map    776 KiB  application  [emitted] [dev]        application
                             manifest.json  364 bytes               [emitted]              
Entrypoint application = js/application-489c1851e257f6de014d.js js/application-489c1851e257f6de014d.js.map
[./app/javascript/packs/application.js] 1020 bytes {application} [built]
[./node_modules/webpack/buildin/global.js] (webpack)/buildin/global.js 905 bytes {application} [built]
[./node_modules/webpack/buildin/module.js] (webpack)/buildin/module.js 552 bytes {application} [built]
    + 6 hidden modules

  Rendered layout layouts/application.html.erb (Duration: 4752.1ms | Allocations: 6769)
Completed 200 OK in 4755ms (Views: 4753.7ms | Allocations: 7731)


Started GET "/js/scripts.js" for ::1 at 2021-03-08 21:55:18 -0300
  
ActionController::RoutingError (No route matches [GET] "/js/scripts.js"):
  
Started GET "/" for ::1 at 2021-03-08 21:56:35 -0300
Processing by HomeController#index as HTML
  Rendering layout layouts/application.html.erb
  Rendering home/index.html.erb within layouts/application
  Rendered home/index.html.erb within layouts/application (Duration: 2.2ms | Allocations: 851)
[Webpacker] Compiling...
[Webpacker] Compiled all packs in /home/mayara/Área de Trabalho/workspace/turismo/public/packs
[Webpacker] Hash: d09882cd1e58c411d401
Version: webpack 4.46.0
Time: 1528ms
Built at: 08/03/2021 21:56:39
                                     Asset       Size       Chunks                         Chunk Names
    js/application-823f03d3309b147c19d7.js    663 KiB  application  [emitted] [immutable]  application
js/application-823f03d3309b147c19d7.js.map    775 KiB  application  [emitted] [dev]        application
                             manifest.json  364 bytes               [emitted]              
Entrypoint application = js/application-823f03d3309b147c19d7.js js/application-823f03d3309b147c19d7.js.map
[./app/javascript/packs/application.js] 633 bytes {application} [built]
[./node_modules/webpack/buildin/global.js] (webpack)/buildin/global.js 905 bytes {application} [built]
[./node_modules/webpack/buildin/module.js] (webpack)/buildin/module.js 552 bytes {application} [built]
    + 6 hidden modules

  Rendered layout layouts/application.html.erb (Duration: 4529.0ms | Allocations: 7902)
Completed 200 OK in 4533ms (Views: 4531.2ms | Allocations: 8864)


Started GET "/" for ::1 at 2021-03-08 21:58:26 -0300
Processing by HomeController#index as HTML
  Rendering layout layouts/application.html.erb
  Rendering home/index.html.erb within layouts/application
  Rendered home/index.html.erb within layouts/application (Duration: 0.6ms | Allocations: 156)
[Webpacker] Compiling...
[Webpacker] Compiled all packs in /home/mayara/Área de Trabalho/workspace/turismo/public/packs
[Webpacker] Hash: 4e7506136d1438507af8
Version: webpack 4.46.0
Time: 1488ms
Built at: 08/03/2021 21:58:31
                                     Asset       Size       Chunks                         Chunk Names
    js/application-a6d19ebb8eac5a170afd.js    663 KiB  application  [emitted] [immutable]  application
js/application-a6d19ebb8eac5a170afd.js.map    775 KiB  application  [emitted] [dev]        application
                             manifest.json  364 bytes               [emitted]              
Entrypoint application = js/application-a6d19ebb8eac5a170afd.js js/application-a6d19ebb8eac5a170afd.js.map
[./app/javascript/packs/application.js] 899 bytes {application} [built]
[./node_modules/webpack/buildin/global.js] (webpack)/buildin/global.js 905 bytes {application} [built]
[./node_modules/webpack/buildin/module.js] (webpack)/buildin/module.js 552 bytes {application} [built]
    + 6 hidden modules

  Rendered layout layouts/application.html.erb (Duration: 4653.0ms | Allocations: 35761)
Completed 200 OK in 4656ms (Views: 4654.4ms | Allocations: 36722)


Started GET "/style.css" for ::1 at 2021-03-08 21:58:31 -0300
  
ActionController::RoutingError (No route matches [GET] "/style.css"):
  
Started GET "/" for ::1 at 2021-03-08 21:59:15 -0300
Processing by HomeController#index as HTML
  Rendering layout layouts/application.html.erb
  Rendering home/index.html.erb within layouts/application
  Rendered home/index.html.erb within layouts/application (Duration: 1.2ms | Allocations: 167)
[Webpacker] Everything's up-to-date. Nothing to do
  Rendered layout layouts/application.html.erb (Duration: 12.6ms | Allocations: 5571)
Completed 200 OK in 15ms (Views: 14.1ms | Allocations: 6533)


Started GET "/style.css" for ::1 at 2021-03-08 21:59:15 -0300
  
ActionController::RoutingError (No route matches [GET] "/style.css"):
  
Started GET "/style.css" for ::1 at 2021-03-08 21:59:15 -0300
  
ActionController::RoutingError (No route matches [GET] "/style.css"):
  
Started GET "/" for ::1 at 2021-03-08 22:00:07 -0300
Processing by HomeController#index as HTML
  Rendering layout layouts/application.html.erb
  Rendering home/index.html.erb within layouts/application
  Rendered home/index.html.erb within layouts/application (Duration: 0.1ms | Allocations: 37)
[Webpacker] Everything's up-to-date. Nothing to do
  Rendered layout layouts/application.html.erb (Duration: 102.5ms | Allocations: 34182)
Completed 200 OK in 104ms (Views: 103.1ms | Allocations: 34535)


Started GET "/style.css" for ::1 at 2021-03-08 22:00:07 -0300
  
ActionController::RoutingError (No route matches [GET] "/style.css"):
  
Started GET "/style.css" for ::1 at 2021-03-08 22:00:07 -0300
  
ActionController::RoutingError (No route matches [GET] "/style.css"):
  
Started GET "/" for ::1 at 2021-03-08 22:00:35 -0300
Processing by HomeController#index as HTML
  Rendering layout layouts/application.html.erb
  Rendering home/index.html.erb within layouts/application
  Rendered home/index.html.erb within layouts/application (Duration: 0.1ms | Allocations: 37)
[Webpacker] Everything's up-to-date. Nothing to do
  Rendered layout layouts/application.html.erb (Duration: 115.6ms | Allocations: 33740)
Completed 200 OK in 117ms (Views: 116.2ms | Allocations: 34092)


Started GET "/style.css" for ::1 at 2021-03-08 22:00:35 -0300
  
ActionController::RoutingError (No route matches [GET] "/style.css"):
  
Started GET "/" for ::1 at 2021-03-08 22:01:16 -0300
Processing by HomeController#index as HTML
  Rendering layout layouts/application.html.erb
  Rendering home/index.html.erb within layouts/application
  Rendered home/index.html.erb within layouts/application (Duration: 0.8ms | Allocations: 166)
[Webpacker] Everything's up-to-date. Nothing to do
  Rendered layout layouts/application.html.erb (Duration: 13.4ms | Allocations: 5501)
Completed 200 OK in 16ms (Views: 14.8ms | Allocations: 6463)


Started GET "/style.css" for ::1 at 2021-03-08 22:01:16 -0300
  
ActionController::RoutingError (No route matches [GET] "/style.css"):
  
Started GET "/" for ::1 at 2021-03-08 22:01:53 -0300
Processing by HomeController#index as HTML
  Rendering layout layouts/application.html.erb
  Rendering home/index.html.erb within layouts/application
  Rendered home/index.html.erb within layouts/application (Duration: 0.9ms | Allocations: 167)
[Webpacker] Everything's up-to-date. Nothing to do
  Rendered layout layouts/application.html.erb (Duration: 11.6ms | Allocations: 5573)
Completed 200 OK in 15ms (Views: 13.6ms | Allocations: 6535)


Started GET "/style.css" for ::1 at 2021-03-08 22:01:54 -0300
  
ActionController::RoutingError (No route matches [GET] "/style.css"):
  
Started GET "/" for ::1 at 2021-03-08 22:02:26 -0300
Processing by HomeController#index as HTML
  Rendering layout layouts/application.html.erb
  Rendering home/index.html.erb within layouts/application
  Rendered home/index.html.erb within layouts/application (Duration: 0.1ms | Allocations: 37)
[Webpacker] Everything's up-to-date. Nothing to do
  Rendered layout layouts/application.html.erb (Duration: 98.1ms | Allocations: 33740)
Completed 200 OK in 99ms (Views: 98.7ms | Allocations: 34093)


Started GET "/style.css" for ::1 at 2021-03-08 22:02:26 -0300
  
ActionController::RoutingError (No route matches [GET] "/style.css"):
  
Started GET "/" for ::1 at 2021-03-08 22:09:00 -0300
Processing by HomeController#index as HTML
  Rendering layout layouts/application.html.erb
  Rendering home/index.html.erb within layouts/application
  Rendered home/index.html.erb within layouts/application (Duration: 1.4ms | Allocations: 164)
[Webpacker] Everything's up-to-date. Nothing to do
  Rendered layout layouts/application.html.erb (Duration: 17.7ms | Allocations: 5568)
Completed 200 OK in 22ms (Views: 19.8ms | Allocations: 6529)


Started GET "/style.css" for ::1 at 2021-03-08 22:09:00 -0300
  
ActionController::RoutingError (No route matches [GET] "/style.css"):
  
Started GET "/" for ::1 at 2021-03-08 22:09:44 -0300
Processing by HomeController#index as HTML
  Rendering layout layouts/application.html.erb
  Rendering home/index.html.erb within layouts/application
  Rendered home/index.html.erb within layouts/application (Duration: 1.0ms | Allocations: 229)
[Webpacker] Everything's up-to-date. Nothing to do
  Rendered layout layouts/application.html.erb (Duration: 12.7ms | Allocations: 5632)
Completed 200 OK in 18ms (Views: 15.7ms | Allocations: 6593)


Started GET "/style.css" for ::1 at 2021-03-08 22:09:44 -0300
  
ActionController::RoutingError (No route matches [GET] "/style.css"):
  
Started GET "/" for ::1 at 2021-03-08 22:10:44 -0300
Processing by HomeController#index as HTML
  Rendering layout layouts/application.html.erb
  Rendering home/index.html.erb within layouts/application
  Rendered home/index.html.erb within layouts/application (Duration: 1.2ms | Allocations: 286)
[Webpacker] Everything's up-to-date. Nothing to do
  Rendered layout layouts/application.html.erb (Duration: 11.0ms | Allocations: 5690)
Completed 200 OK in 14ms (Views: 12.9ms | Allocations: 6652)


Started GET "/style.css" for ::1 at 2021-03-08 22:10:44 -0300
  
ActionController::RoutingError (No route matches [GET] "/style.css"):
  
Started GET "/" for ::1 at 2021-03-08 22:11:31 -0300
Processing by HomeController#index as HTML
  Rendering layout layouts/application.html.erb
  Rendering home/index.html.erb within layouts/application
  Rendered home/index.html.erb within layouts/application (Duration: 1.9ms | Allocations: 275)
[Webpacker] Everything's up-to-date. Nothing to do
  Rendered layout layouts/application.html.erb (Duration: 12.8ms | Allocations: 5678)
Completed 200 OK in 16ms (Views: 14.9ms | Allocations: 6640)


Started GET "/" for ::1 at 2021-03-08 22:12:08 -0300
Processing by HomeController#index as HTML
  Rendering layout layouts/application.html.erb
  Rendering home/index.html.erb within layouts/application
  Rendered home/index.html.erb within layouts/application (Duration: 1.0ms | Allocations: 277)
[Webpacker] Everything's up-to-date. Nothing to do
  Rendered layout layouts/application.html.erb (Duration: 10.1ms | Allocations: 5681)
Completed 200 OK in 13ms (Views: 11.9ms | Allocations: 6642)


Started GET "/" for ::1 at 2021-03-08 22:13:05 -0300
Processing by HomeController#index as HTML
  Rendering layout layouts/application.html.erb
  Rendering home/index.html.erb within layouts/application
  Rendered home/index.html.erb within layouts/application (Duration: 1.0ms | Allocations: 270)
[Webpacker] Everything's up-to-date. Nothing to do
  Rendered layout layouts/application.html.erb (Duration: 128.9ms | Allocations: 34164)
Completed 200 OK in 132ms (Views: 130.3ms | Allocations: 35120)


Started GET "/" for ::1 at 2021-03-08 22:13:18 -0300
Processing by HomeController#index as HTML
  Rendering layout layouts/application.html.erb
  Rendering home/index.html.erb within layouts/application
  Rendered home/index.html.erb within layouts/application (Duration: 0.3ms | Allocations: 97)
[Webpacker] Everything's up-to-date. Nothing to do
  Rendered layout layouts/application.html.erb (Duration: 113.8ms | Allocations: 34270)
Completed 200 OK in 115ms (Views: 114.6ms | Allocations: 34623)


Started GET "/" for ::1 at 2021-03-08 22:13:26 -0300
Processing by HomeController#index as HTML
  Rendering layout layouts/application.html.erb
  Rendering home/index.html.erb within layouts/application
  Rendered home/index.html.erb within layouts/application (Duration: 0.2ms | Allocations: 92)
[Webpacker] Everything's up-to-date. Nothing to do
  Rendered layout layouts/application.html.erb (Duration: 125.3ms | Allocations: 33883)
Completed 200 OK in 127ms (Views: 126.0ms | Allocations: 34235)


Started GET "/" for ::1 at 2021-03-08 22:14:06 -0300
Processing by HomeController#index as HTML
  Rendering layout layouts/application.html.erb
  Rendering home/index.html.erb within layouts/application
  Rendered home/index.html.erb within layouts/application (Duration: 0.4ms | Allocations: 92)
[Webpacker] Everything's up-to-date. Nothing to do
  Rendered layout layouts/application.html.erb (Duration: 13.2ms | Allocations: 5294)
Completed 200 OK in 17ms (Views: 14.9ms | Allocations: 5647)


Started GET "/" for ::1 at 2021-03-08 22:17:34 -0300
Processing by HomeController#index as HTML
  Rendering layout layouts/application.html.erb
  Rendering home/index.html.erb within layouts/application
  Rendered home/index.html.erb within layouts/application (Duration: 139.0ms | Allocations: 68077)
[Webpacker] Everything's up-to-date. Nothing to do
  Rendered layout layouts/application.html.erb (Duration: 204.0ms | Allocations: 90041)
Completed 200 OK in 208ms (Views: 206.1ms | Allocations: 91001)


Started GET "/" for ::1 at 2021-03-08 22:18:03 -0300
Processing by HomeController#index as HTML
  Rendering layout layouts/application.html.erb
  Rendering home/index.html.erb within layouts/application
  Rendered home/index.html.erb within layouts/application (Duration: 0.9ms | Allocations: 272)
[Webpacker] Everything's up-to-date. Nothing to do
  Rendered layout layouts/application.html.erb (Duration: 9.2ms | Allocations: 5684)
Completed 200 OK in 12ms (Views: 10.9ms | Allocations: 6645)


Started GET "/" for ::1 at 2021-03-08 22:20:02 -0300
Processing by HomeController#index as HTML
  Rendering layout layouts/application.html.erb
  Rendering home/index.html.erb within layouts/application
  Rendered home/index.html.erb within layouts/application (Duration: 3.4ms | Allocations: 2349)
[Webpacker] Everything's up-to-date. Nothing to do
  Rendered layout layouts/application.html.erb (Duration: 12.2ms | Allocations: 7606)
Completed 200 OK in 15ms (Views: 13.9ms | Allocations: 8562)


Started GET "/" for ::1 at 2021-03-08 22:20:33 -0300
Processing by HomeController#index as HTML
  Rendering layout layouts/application.html.erb
  Rendering home/index.html.erb within layouts/application
  Rendered home/index.html.erb within layouts/application (Duration: 1.4ms | Allocations: 831)
[Webpacker] Everything's up-to-date. Nothing to do
  Rendered layout layouts/application.html.erb (Duration: 134.6ms | Allocations: 35409)
Completed 200 OK in 136ms (Views: 135.2ms | Allocations: 35762)


Started GET "/" for ::1 at 2021-03-08 22:20:48 -0300
Processing by HomeController#index as HTML
  Rendering layout layouts/application.html.erb
  Rendering home/index.html.erb within layouts/application
  Rendered home/index.html.erb within layouts/application (Duration: 2.0ms | Allocations: 827)
[Webpacker] Everything's up-to-date. Nothing to do
  Rendered layout layouts/application.html.erb (Duration: 125.2ms | Allocations: 34416)
Completed 200 OK in 126ms (Views: 125.8ms | Allocations: 34769)


Started GET "/" for ::1 at 2021-03-08 22:21:21 -0300
Processing by HomeController#index as HTML
  Rendering layout layouts/application.html.erb
  Rendering home/index.html.erb within layouts/application
  Rendered home/index.html.erb within layouts/application (Duration: 1.9ms | Allocations: 1035)
[Webpacker] Everything's up-to-date. Nothing to do
  Rendered layout layouts/application.html.erb (Duration: 11.2ms | Allocations: 6357)
Completed 200 OK in 14ms (Views: 12.7ms | Allocations: 7318)


Started GET "/" for ::1 at 2021-03-08 22:21:48 -0300
Processing by HomeController#index as HTML
  Rendering layout layouts/application.html.erb
  Rendering home/index.html.erb within layouts/application
  Rendered home/index.html.erb within layouts/application (Duration: 1.9ms | Allocations: 1026)
[Webpacker] Everything's up-to-date. Nothing to do
  Rendered layout layouts/application.html.erb (Duration: 10.7ms | Allocations: 6348)
Completed 200 OK in 13ms (Views: 12.2ms | Allocations: 7304)


Started GET "/" for ::1 at 2021-03-08 22:21:56 -0300
Processing by HomeController#index as HTML
  Rendering layout layouts/application.html.erb
  Rendering home/index.html.erb within layouts/application
  Rendered home/index.html.erb within layouts/application (Duration: 1.9ms | Allocations: 1029)
[Webpacker] Everything's up-to-date. Nothing to do
  Rendered layout layouts/application.html.erb (Duration: 10.7ms | Allocations: 6329)
Completed 200 OK in 13ms (Views: 12.2ms | Allocations: 7286)


Started GET "/" for ::1 at 2021-03-08 22:21:57 -0300
Processing by HomeController#index as HTML
  Rendering layout layouts/application.html.erb
  Rendering home/index.html.erb within layouts/application
  Rendered home/index.html.erb within layouts/application (Duration: 1.7ms | Allocations: 835)
[Webpacker] Everything's up-to-date. Nothing to do
  Rendered layout layouts/application.html.erb (Duration: 10.6ms | Allocations: 5939)
Completed 200 OK in 12ms (Views: 11.2ms | Allocations: 6292)


Started GET "/" for ::1 at 2021-03-08 22:22:02 -0300
Processing by HomeController#index as HTML
  Rendering layout layouts/application.html.erb
  Rendering home/index.html.erb within layouts/application
  Rendered home/index.html.erb within layouts/application (Duration: 1.9ms | Allocations: 1026)
[Webpacker] Everything's up-to-date. Nothing to do
  Rendered layout layouts/application.html.erb (Duration: 11.1ms | Allocations: 6345)
Completed 200 OK in 14ms (Views: 12.6ms | Allocations: 7302)


Started GET "/" for ::1 at 2021-03-08 22:22:12 -0300
Processing by HomeController#index as HTML
  Rendering layout layouts/application.html.erb
  Rendering home/index.html.erb within layouts/application
  Rendered home/index.html.erb within layouts/application (Duration: 2.8ms | Allocations: 1035)
[Webpacker] Everything's up-to-date. Nothing to do
  Rendered layout layouts/application.html.erb (Duration: 9.9ms | Allocations: 6358)
Completed 200 OK in 13ms (Views: 11.6ms | Allocations: 7319)


Started GET "/" for ::1 at 2021-03-08 22:22:18 -0300
Processing by HomeController#index as HTML
  Rendering layout layouts/application.html.erb
  Rendering home/index.html.erb within layouts/application
  Rendered home/index.html.erb within layouts/application (Duration: 2.9ms | Allocations: 1026)
[Webpacker] Everything's up-to-date. Nothing to do
  Rendered layout layouts/application.html.erb (Duration: 12.0ms | Allocations: 6348)
Completed 200 OK in 15ms (Views: 13.5ms | Allocations: 7304)


Started GET "/" for ::1 at 2021-03-08 22:22:34 -0300
Processing by HomeController#index as HTML
  Rendering layout layouts/application.html.erb
  Rendering home/index.html.erb within layouts/application
  Rendered home/index.html.erb within layouts/application (Duration: 2.3ms | Allocations: 1029)
[Webpacker] Everything's up-to-date. Nothing to do
  Rendered layout layouts/application.html.erb (Duration: 10.6ms | Allocations: 6329)
Completed 200 OK in 14ms (Views: 12.9ms | Allocations: 7286)


Started GET "/" for ::1 at 2021-03-08 22:22:43 -0300
Processing by HomeController#index as HTML
  Rendering layout layouts/application.html.erb
  Rendering home/index.html.erb within layouts/application
  Rendered home/index.html.erb within layouts/application (Duration: 1.6ms | Allocations: 834)
[Webpacker] Everything's up-to-date. Nothing to do
  Rendered layout layouts/application.html.erb (Duration: 11.3ms | Allocations: 5977)
Completed 200 OK in 12ms (Views: 11.8ms | Allocations: 6330)


Started GET "/" for ::1 at 2021-03-08 22:23:21 -0300
Processing by HomeController#index as HTML
  Rendering layout layouts/application.html.erb
  Rendering home/index.html.erb within layouts/application
  Rendered home/index.html.erb within layouts/application (Duration: 2.2ms | Allocations: 1037)
[Webpacker] Everything's up-to-date. Nothing to do
  Rendered layout layouts/application.html.erb (Duration: 15.3ms | Allocations: 6359)
Completed 200 OK in 22ms (Views: 20.9ms | Allocations: 7316)


Started GET "/" for ::1 at 2021-03-08 22:23:23 -0300
Processing by HomeController#index as HTML
  Rendering layout layouts/application.html.erb
  Rendering home/index.html.erb within layouts/application
  Rendered home/index.html.erb within layouts/application (Duration: 2.2ms | Allocations: 838)
[Webpacker] Everything's up-to-date. Nothing to do
  Rendered layout layouts/application.html.erb (Duration: 15.9ms | Allocations: 5941)
Completed 200 OK in 18ms (Views: 16.6ms | Allocations: 6298)


Started GET "/" for ::1 at 2021-03-08 22:23:25 -0300
Processing by HomeController#index as HTML
  Rendering layout layouts/application.html.erb
  Rendering home/index.html.erb within layouts/application
  Rendered home/index.html.erb within layouts/application (Duration: 2.1ms | Allocations: 828)
[Webpacker] Everything's up-to-date. Nothing to do
  Rendered layout layouts/application.html.erb (Duration: 16.1ms | Allocations: 5931)
Completed 200 OK in 18ms (Views: 16.8ms | Allocations: 6286)


Started GET "/" for ::1 at 2021-03-08 22:23:28 -0300
Processing by HomeController#index as HTML
  Rendering layout layouts/application.html.erb
  Rendering home/index.html.erb within layouts/application
  Rendered home/index.html.erb within layouts/application (Duration: 3.6ms | Allocations: 828)
[Webpacker] Everything's up-to-date. Nothing to do
  Rendered layout layouts/application.html.erb (Duration: 14.5ms | Allocations: 5910)
Completed 200 OK in 16ms (Views: 15.6ms | Allocations: 6265)


Started GET "/" for ::1 at 2021-03-08 22:23:29 -0300
Processing by HomeController#index as HTML
  Rendering layout layouts/application.html.erb
  Rendering home/index.html.erb within layouts/application
  Rendered home/index.html.erb within layouts/application (Duration: 2.2ms | Allocations: 830)
[Webpacker] Everything's up-to-date. Nothing to do
  Rendered layout layouts/application.html.erb (Duration: 18.4ms | Allocations: 5911)
Completed 200 OK in 20ms (Views: 19.4ms | Allocations: 6267)


Started GET "/" for ::1 at 2021-03-08 22:23:30 -0300
Processing by HomeController#index as HTML
  Rendering layout layouts/application.html.erb
  Rendering home/index.html.erb within layouts/application
  Rendered home/index.html.erb within layouts/application (Duration: 2.3ms | Allocations: 829)
[Webpacker] Everything's up-to-date. Nothing to do
  Rendered layout layouts/application.html.erb (Duration: 22.3ms | Allocations: 5932)
Completed 200 OK in 24ms (Views: 23.2ms | Allocations: 6287)


Started GET "/" for ::1 at 2021-03-08 22:23:52 -0300
Processing by HomeController#index as HTML
  Rendering layout layouts/application.html.erb
  Rendering home/index.html.erb within layouts/application
  Rendered home/index.html.erb within layouts/application (Duration: 2.6ms | Allocations: 1036)
[Webpacker] Everything's up-to-date. Nothing to do
  Rendered layout layouts/application.html.erb (Duration: 12.7ms | Allocations: 6358)
Completed 200 OK in 15ms (Views: 14.3ms | Allocations: 7319)


Started GET "/" for ::1 at 2021-03-08 22:40:51 -0300
Processing by HomeController#index as HTML
  Rendering layout layouts/application.html.erb
  Rendering home/index.html.erb within layouts/application
  Rendered home/index.html.erb within layouts/application (Duration: 2.3ms | Allocations: 1035)
[Webpacker] Everything's up-to-date. Nothing to do
  Rendered layout layouts/application.html.erb (Duration: 202.0ms | Allocations: 76740)
Completed 200 OK in 205ms (Views: 203.5ms | Allocations: 77696)


